<?xml version="1.0" encoding="UTF-8"?>
<!-- Generated by org.testng.reporters.JUnitReportReporter -->
<testsuite hostname="LAPTOP-C7QUCKM5" name="com.data.widget.test.Testsuite" tests="1" failures="0" timestamp="8 Apr 2020 09:04:36 GMT" time="147.754" errors="0">
  <testcase name="dealerTest" time="147.754" classname="com.data.widget.test.Testsuite"/>
</testsuite> <!-- com.data.widget.test.Testsuite -->
